<?xml version="1.0" encoding="UTF-8"?>
<!-- Generated by org.testng.reporters.JUnitXMLReporter -->
<testsuite ignored="0" hostname="Lenovo-B4GY4R1" failures="3" tests="24" name="FreeCrmAutomationTestByBhavesh" time="481.88" errors="0" timestamp="2025-06-16T00:58:12 EDT">
  <testcase classname="test.StartHerePageTest" name="StartHereTest" time="2.838"/>
  <testcase classname="test.StartHerePageTest" name="startHerePageTitleTest" time="0.014"/>
  <testcase classname="test.StartHerePageTest" name="FreeCRMLogoTest" time="0.113"/>
  <testcase classname="test.StartHerePageTest" name="StartHereButtonTest" time="0.093"/>
  <testcase classname="test.StartHerePageTest" name="SignUpButtonTest" time="0.109"/>
  <testcase classname="test.StartHerePageTest" name="NumberOfHeaderTest" time="0.113"/>
  <testcase classname="test.LoginPageTest" name="LoginPageTitleTest" time="0.007"/>
  <testcase classname="test.LoginPageTest" name="LoginWithCorrectUsernameAndPasswordtTest" time="5.727"/>
  <testcase classname="test.LoginPageTest" name="LoginWithEmptyUsernametTest" time="0.173">
    <failure type="java.lang.IllegalArgumentException" message="Keys to send should be a not null CharSequence">
      <![CDATA[java.lang.IllegalArgumentException: Keys to send should be a not null CharSequence
at org.openqa.selenium.remote.RemoteWebElement.sendKeys(RemoteWebElement.java:96)
at org.openqa.selenium.support.pagefactory.internal.LocatingElementHandler.invoke(LocatingElementHandler.java:51)
at jdk.proxy2/jdk.proxy2.$Proxy13.sendKeys(Unknown Source)
at page.LoginPage.login(LoginPage.java:41)
at test.LoginPageTest.LoginWithEmptyUsernametTest(LoginPageTest.java:55)
at java.base/java.util.ArrayList.forEach(ArrayList.java:1596)
... Removed 27 stack frames]]>
    </failure>
  </testcase> <!-- LoginWithEmptyUsernametTest -->
  <testcase classname="test.LoginPageTest" name="LoginWithEmptyPasswordtTest" time="0.637"/>
  <testcase classname="test.HomePageTest" name="VerityHomePageTitleTest" time="0.006"/>
  <testcase classname="test.HomePageTest" name="VerifyUserNameLableTest" time="0.662"/>
  <testcase classname="test.HomePageTest" name="ClickOnCalenderLinkTest" time="0.962"/>
  <testcase classname="test.HomePageTest" name="ClickOnCompaniesLinkTest" time="0.956"/>
  <testcase classname="test.HomePageTest" name="ClickOnContactsLinkTest" time="0.955"/>
  <testcase classname="test.HomePageTest" name="ClickOnDealsLinkTest" time="1.298"/>
  <testcase classname="test.HomePageTest" name="ClickOnTasksLinkTest" time="1.042"/>
  <testcase classname="test.ContactsPageTest" name="VerifyContactsPageLabel" time="0.03"/>
  <testcase classname="test.ContactsPageTest" name="SelectSingleContectByNameTest" time="10.092">
    <failure type="org.openqa.selenium.NoSuchElementException" message="Unable to locate element: //a[text()=&amp;apos;test1 test1&amp;apos;]//parent::td//preceding-sibling::td
For documentation on this error, please visit: https://www.selenium.dev/documentation/webdriver/troubleshooting/errors#no-such-element-exception
Build info: version: &amp;apos;4.28.1&amp;apos;, revision: &amp;apos;73f5ad48a2&amp;apos;
System info: os.name: &amp;apos;Windows 10&amp;apos;, os.arch: &amp;apos;amd64&amp;apos;, os.version: &amp;apos;10.0&amp;apos;, java.version: &amp;apos;21.0.4&amp;apos;
Driver info: org.openqa.selenium.firefox.FirefoxDriver
Command: [061679e3-ec08-430b-bb7a-dc4902abb318, findElement {value=//a[text()=&amp;apos;test1 test1&amp;apos;]//parent::td//preceding-sibling::td, using=xpath}]
Capabilities {acceptInsecureCerts: true, browserName: firefox, browserVersion: 139.0.4, moz:accessibilityChecks: false, moz:buildID: 20250609112858, moz:debuggerAddress: 127.0.0.1:12806, moz:geckodriverVersion: 0.36.0, moz:headless: false, moz:platformVersion: 10.0, moz:processID: 2592, moz:profile: C:\Users\User-Pc\AppData\Lo..., moz:shutdownTimeout: 60000, moz:webdriverClick: true, moz:windowless: false, pageLoadStrategy: normal, platformName: windows, proxy: Proxy(), se:cdp: ws://127.0.0.1:12806/devtoo..., se:cdpVersion: 85.0, setWindowRect: true, strictFileInteractability: false, timeouts: {implicit: 0, pageLoad: 300000, script: 30000}, unhandledPromptBehavior: dismiss and notify, userAgent: Mozilla/5.0 (Windows NT 10....}
Session ID: 061679e3-ec08-430b-bb7a-dc4902abb318">
      <![CDATA[org.openqa.selenium.NoSuchElementException: Unable to locate element: //a[text()='test1 test1']//parent::td//preceding-sibling::td
For documentation on this error, please visit: https://www.selenium.dev/documentation/webdriver/troubleshooting/errors#no-such-element-exception
Build info: version: '4.28.1', revision: '73f5ad48a2'
System info: os.name: 'Windows 10', os.arch: 'amd64', os.version: '10.0', java.version: '21.0.4'
Driver info: org.openqa.selenium.firefox.FirefoxDriver
Command: [061679e3-ec08-430b-bb7a-dc4902abb318, findElement {value=//a[text()='test1 test1']//parent::td//preceding-sibling::td, using=xpath}]
Capabilities {acceptInsecureCerts: true, browserName: firefox, browserVersion: 139.0.4, moz:accessibilityChecks: false, moz:buildID: 20250609112858, moz:debuggerAddress: 127.0.0.1:12806, moz:geckodriverVersion: 0.36.0, moz:headless: false, moz:platformVersion: 10.0, moz:processID: 2592, moz:profile: C:\Users\User-Pc\AppData\Lo..., moz:shutdownTimeout: 60000, moz:webdriverClick: true, moz:windowless: false, pageLoadStrategy: normal, platformName: windows, proxy: Proxy(), se:cdp: ws://127.0.0.1:12806/devtoo..., se:cdpVersion: 85.0, setWindowRect: true, strictFileInteractability: false, timeouts: {implicit: 0, pageLoad: 300000, script: 30000}, unhandledPromptBehavior: dismiss and notify, userAgent: Mozilla/5.0 (Windows NT 10....}
Session ID: 061679e3-ec08-430b-bb7a-dc4902abb318
at org.openqa.selenium.remote.ErrorCodec.decode(ErrorCodec.java:167)
at org.openqa.selenium.remote.codec.w3c.W3CHttpResponseCodec.decode(W3CHttpResponseCodec.java:138)
at org.openqa.selenium.remote.codec.w3c.W3CHttpResponseCodec.decode(W3CHttpResponseCodec.java:50)
at org.openqa.selenium.remote.HttpCommandExecutor.execute(HttpCommandExecutor.java:215)
at org.openqa.selenium.remote.service.DriverCommandExecutor.invokeExecute(DriverCommandExecutor.java:216)
at org.openqa.selenium.remote.service.DriverCommandExecutor.execute(DriverCommandExecutor.java:174)
at org.openqa.selenium.remote.RemoteWebDriver.execute(RemoteWebDriver.java:545)
at org.openqa.selenium.remote.ElementLocation$ElementFinder$2.findElement(ElementLocation.java:165)
at org.openqa.selenium.remote.ElementLocation.findElement(ElementLocation.java:59)
at org.openqa.selenium.remote.RemoteWebDriver.findElement(RemoteWebDriver.java:368)
at org.openqa.selenium.remote.RemoteWebDriver.findElement(RemoteWebDriver.java:362)
at page.ContactsPage.selectContactsByName(ContactsPage.java:45)
at test.ContactsPageTest.SelectSingleContectByNameTest(ContactsPageTest.java:62)
at java.base/java.util.ArrayList.forEach(ArrayList.java:1596)
... Removed 28 stack frames]]>
    </failure>
  </testcase> <!-- SelectSingleContectByNameTest -->
  <testcase classname="test.ContactsPageTest" name="SelectMultipleContectsByNameTest" time="10.025">
    <failure type="org.openqa.selenium.NoSuchElementException" message="Unable to locate element: //a[text()=&amp;apos;test1 test1&amp;apos;]//parent::td//preceding-sibling::td
For documentation on this error, please visit: https://www.selenium.dev/documentation/webdriver/troubleshooting/errors#no-such-element-exception
Build info: version: &amp;apos;4.28.1&amp;apos;, revision: &amp;apos;73f5ad48a2&amp;apos;
System info: os.name: &amp;apos;Windows 10&amp;apos;, os.arch: &amp;apos;amd64&amp;apos;, os.version: &amp;apos;10.0&amp;apos;, java.version: &amp;apos;21.0.4&amp;apos;
Driver info: org.openqa.selenium.firefox.FirefoxDriver
Command: [efd89d71-b3ad-4b26-85d6-7a820a590b1e, findElement {value=//a[text()=&amp;apos;test1 test1&amp;apos;]//parent::td//preceding-sibling::td, using=xpath}]
Capabilities {acceptInsecureCerts: true, browserName: firefox, browserVersion: 139.0.4, moz:accessibilityChecks: false, moz:buildID: 20250609112858, moz:debuggerAddress: 127.0.0.1:24250, moz:geckodriverVersion: 0.36.0, moz:headless: false, moz:platformVersion: 10.0, moz:processID: 23300, moz:profile: C:\Users\User-Pc\AppData\Lo..., moz:shutdownTimeout: 60000, moz:webdriverClick: true, moz:windowless: false, pageLoadStrategy: normal, platformName: windows, proxy: Proxy(), se:cdp: ws://127.0.0.1:24250/devtoo..., se:cdpVersion: 85.0, setWindowRect: true, strictFileInteractability: false, timeouts: {implicit: 0, pageLoad: 300000, script: 30000}, unhandledPromptBehavior: dismiss and notify, userAgent: Mozilla/5.0 (Windows NT 10....}
Session ID: efd89d71-b3ad-4b26-85d6-7a820a590b1e">
      <![CDATA[org.openqa.selenium.NoSuchElementException: Unable to locate element: //a[text()='test1 test1']//parent::td//preceding-sibling::td
For documentation on this error, please visit: https://www.selenium.dev/documentation/webdriver/troubleshooting/errors#no-such-element-exception
Build info: version: '4.28.1', revision: '73f5ad48a2'
System info: os.name: 'Windows 10', os.arch: 'amd64', os.version: '10.0', java.version: '21.0.4'
Driver info: org.openqa.selenium.firefox.FirefoxDriver
Command: [efd89d71-b3ad-4b26-85d6-7a820a590b1e, findElement {value=//a[text()='test1 test1']//parent::td//preceding-sibling::td, using=xpath}]
Capabilities {acceptInsecureCerts: true, browserName: firefox, browserVersion: 139.0.4, moz:accessibilityChecks: false, moz:buildID: 20250609112858, moz:debuggerAddress: 127.0.0.1:24250, moz:geckodriverVersion: 0.36.0, moz:headless: false, moz:platformVersion: 10.0, moz:processID: 23300, moz:profile: C:\Users\User-Pc\AppData\Lo..., moz:shutdownTimeout: 60000, moz:webdriverClick: true, moz:windowless: false, pageLoadStrategy: normal, platformName: windows, proxy: Proxy(), se:cdp: ws://127.0.0.1:24250/devtoo..., se:cdpVersion: 85.0, setWindowRect: true, strictFileInteractability: false, timeouts: {implicit: 0, pageLoad: 300000, script: 30000}, unhandledPromptBehavior: dismiss and notify, userAgent: Mozilla/5.0 (Windows NT 10....}
Session ID: efd89d71-b3ad-4b26-85d6-7a820a590b1e
at org.openqa.selenium.remote.ErrorCodec.decode(ErrorCodec.java:167)
at org.openqa.selenium.remote.codec.w3c.W3CHttpResponseCodec.decode(W3CHttpResponseCodec.java:138)
at org.openqa.selenium.remote.codec.w3c.W3CHttpResponseCodec.decode(W3CHttpResponseCodec.java:50)
at org.openqa.selenium.remote.HttpCommandExecutor.execute(HttpCommandExecutor.java:215)
at org.openqa.selenium.remote.service.DriverCommandExecutor.invokeExecute(DriverCommandExecutor.java:216)
at org.openqa.selenium.remote.service.DriverCommandExecutor.execute(DriverCommandExecutor.java:174)
at org.openqa.selenium.remote.RemoteWebDriver.execute(RemoteWebDriver.java:545)
at org.openqa.selenium.remote.ElementLocation$ElementFinder$2.findElement(ElementLocation.java:165)
at org.openqa.selenium.remote.ElementLocation.findElement(ElementLocation.java:59)
at org.openqa.selenium.remote.RemoteWebDriver.findElement(RemoteWebDriver.java:368)
at org.openqa.selenium.remote.RemoteWebDriver.findElement(RemoteWebDriver.java:362)
at page.ContactsPage.selectContactsByName(ContactsPage.java:45)
at test.ContactsPageTest.SelectMultipleContectsByNameTest(ContactsPageTest.java:67)
at java.base/java.util.ArrayList.forEach(ArrayList.java:1596)
... Removed 28 stack frames]]>
    </failure>
  </testcase> <!-- SelectMultipleContectsByNameTest -->
  <testcase classname="test.ContactsPageTest" name="ValidateCreateNewContactTest" time="1.667"/>
  <testcase classname="test.ContactsPageTest" name="ValidateCreateNewContactTest" time="1.866"/>
  <testcase classname="test.ContactsPageTest" name="ValidateCreateNewContactTest" time="1.885"/>
  <testcase classname="test.ContactsPageTest" name="ValidateCreateNewContactTest" time="1.899"/>
</testsuite> <!-- FreeCrmAutomationTestByBhavesh -->
