<!DOCTYPE html PUBLIC "-//W3C//DTD XHTML 1.1//EN" "https://www.w3.org/TR/xhtml11/DTD/xhtml11.dtd">
<html xmlns="https://www.w3.org/1999/xhtml">
<head>
<meta http-equiv="content-type" content="text/html; charset=UTF-8"/>
<title>TestNG Report</title>
<style type="text/css">table {margin-bottom:10px;border-collapse:collapse;empty-cells:show}th,td {border:1px solid #009;padding:.25em .5em}th {vertical-align:bottom}td {vertical-align:top}table a {font-weight:bold}.stripe td {background-color: #E6EBF9}.num {text-align:right}.passedodd td {background-color: #3F3}.passedeven td {background-color: #0A0}.skippedodd td {background-color: #DDD}.skippedeven td {background-color: #CCC}.failedodd td,.attn {background-color: #F33}.failedeven td,.stripe .attn {background-color: #D00}.stacktrace {white-space:pre;font-family:monospace}.totop {font-size:85%;text-align:center;border-bottom:2px solid #000}.invisible {display:none}</style>
</head>
<body>
<table>
<tr><th>Test</th><th># Passed</th><th># Skipped</th><th># Retried</th><th># Failed</th><th>Time (ms)</th><th>Included Groups</th><th>Excluded Groups</th></tr>
<tr><th colspan="8">Surefire suite</th></tr>
<tr><td><a href="#t0">Surefire test</a></td><td class="num">21</td><td class="num">0</td><td class="num">0</td><td class="num attn">3</td><td class="num">356,404</td><td></td><td></td></tr>
</table>
<table id='summary'><thead><tr><th>Class</th><th>Method</th><th>Start</th><th>Time (ms)</th></tr></thead><tbody><tr><th colspan="4">Surefire suite</th></tr></tbody><tbody id="t0"><tr><th colspan="4">Surefire test &#8212; failed</th></tr><tr class="failedeven"><td rowspan="2">test.ContactsPageTest</td><td><a href="#m0">SelectMultipleContectsByNameTest</a></td><td rowspan="1">1749874333460</td><td rowspan="1">10019</td></tr><tr class="failedeven"><td><a href="#m1">SelectSingleContectByNameTest</a></td><td rowspan="1">1749874310328</td><td rowspan="1">10022</td></tr><tr class="failedodd"><td rowspan="1">test.LoginPageTest</td><td><a href="#m2">LoginWithEmptyUsernametTest</a></td><td rowspan="1">1749874538994</td><td rowspan="1">156</td></tr><tr><th colspan="4">Surefire test &#8212; passed</th></tr><tr class="passedeven"><td rowspan="5">test.ContactsPageTest</td><td><a href="#m3">ValidateCreateNewContactTest</a></td><td rowspan="4">1749874372995</td><td rowspan="4">1297</td></tr><tr class="passedeven"><td><a href="#m4">ValidateCreateNewContactTest</a></td></tr><tr class="passedeven"><td><a href="#m5">ValidateCreateNewContactTest</a></td></tr><tr class="passedeven"><td><a href="#m6">ValidateCreateNewContactTest</a></td></tr><tr class="passedeven"><td><a href="#m7">VerifyContactsPageLabel</a></td><td rowspan="1">1749874296931</td><td rowspan="1">42</td></tr><tr class="passedodd"><td rowspan="7">test.HomePageTest</td><td><a href="#m8">ClickOnCalenderLinkTest</a></td><td rowspan="1">1749874443229</td><td rowspan="1">937</td></tr><tr class="passedodd"><td><a href="#m9">ClickOnCompaniesLinkTest</a></td><td rowspan="1">1749874456853</td><td rowspan="1">848</td></tr><tr class="passedodd"><td><a href="#m10">ClickOnContactsLinkTest</a></td><td rowspan="1">1749874469924</td><td rowspan="1">886</td></tr><tr class="passedodd"><td><a href="#m11">ClickOnDealsLinkTest</a></td><td rowspan="1">1749874483455</td><td rowspan="1">876</td></tr><tr class="passedodd"><td><a href="#m12">ClickOnTasksLinkTest</a></td><td rowspan="1">1749874496875</td><td rowspan="1">876</td></tr><tr class="passedodd"><td><a href="#m13">VerifyUserNameLableTest</a></td><td rowspan="1">1749874429935</td><td rowspan="1">576</td></tr><tr class="passedodd"><td><a href="#m14">VerityHomePageTitleTest</a></td><td rowspan="1">1749874417628</td><td rowspan="1">3</td></tr><tr class="passedeven"><td rowspan="3">test.LoginPageTest</td><td><a href="#m15">LoginPageTitleTest</a></td><td rowspan="1">1749874509393</td><td rowspan="1">8</td></tr><tr class="passedeven"><td><a href="#m16">LoginWithCorrectUsernameAndPasswordtTest</a></td><td rowspan="1">1749874521483</td><td rowspan="1">5551</td></tr><tr class="passedeven"><td><a href="#m17">LoginWithEmptyPasswordtTest</a></td><td rowspan="1">1749874552299</td><td rowspan="1">765</td></tr><tr class="passedodd"><td rowspan="6">test.StartHerePageTest</td><td><a href="#m18">FreeCRMLogoTest</a></td><td rowspan="1">1749874602284</td><td rowspan="1">152</td></tr><tr class="passedodd"><td><a href="#m19">NumberOfHeaderTest</a></td><td rowspan="1">1749874637860</td><td rowspan="1">49</td></tr><tr class="passedodd"><td><a href="#m20">SignUpButtonTest</a></td><td rowspan="1">1749874626836</td><td rowspan="1">61</td></tr><tr class="passedodd"><td><a href="#m21">StartHereButtonTest</a></td><td rowspan="1">1749874613874</td><td rowspan="1">65</td></tr><tr class="passedodd"><td><a href="#m22">StartHereTest</a></td><td rowspan="1">1749874571403</td><td rowspan="1">3448</td></tr><tr class="passedodd"><td><a href="#m23">startHerePageTitleTest</a></td><td rowspan="1">1749874588745</td><td rowspan="1">6</td></tr></tbody>
</table>
<h2>Surefire test</h2><h3 id="m0">test.ContactsPageTest#SelectMultipleContectsByNameTest</h3><table class="result"><tr><th>Exception</th></tr><tr><td><div class="stacktrace">org.openqa.selenium.NoSuchElementException: Unable to locate element: //a[text()=&apos;test1 test1&apos;]//parent::td//preceding-sibling::td
For documentation on this error, please visit: https://www.selenium.dev/documentation/webdriver/troubleshooting/errors#no-such-element-exception
Build info: version: &apos;4.28.1&apos;, revision: &apos;73f5ad48a2&apos;
System info: os.name: &apos;Windows 10&apos;, os.arch: &apos;amd64&apos;, os.version: &apos;10.0&apos;, java.version: &apos;14.0.2&apos;
Driver info: org.openqa.selenium.firefox.FirefoxDriver
Command: [79821167-b500-4516-8e57-a5daaa737c85, findElement {using=xpath, value=//a[text()=&apos;test1 test1&apos;]//parent::td//preceding-sibling::td}]
Capabilities {acceptInsecureCerts: true, browserName: firefox, browserVersion: 139.0.4, moz:accessibilityChecks: false, moz:buildID: 20250609112858, moz:debuggerAddress: 127.0.0.1:16233, moz:geckodriverVersion: 0.36.0, moz:headless: false, moz:platformVersion: 10.0, moz:processID: 3428, moz:profile: C:\Users\User-Pc\AppData\Lo..., moz:shutdownTimeout: 60000, moz:webdriverClick: true, moz:windowless: false, pageLoadStrategy: normal, platformName: windows, proxy: Proxy(), se:cdp: ws://127.0.0.1:16233/devtoo..., se:cdpVersion: 85.0, setWindowRect: true, strictFileInteractability: false, timeouts: {implicit: 0, pageLoad: 300000, script: 30000}, unhandledPromptBehavior: dismiss and notify, userAgent: Mozilla/5.0 (Windows NT 10....}
Session ID: 79821167-b500-4516-8e57-a5daaa737c85
	at org.openqa.selenium.remote.ErrorCodec.decode(ErrorCodec.java:167)
	at org.openqa.selenium.remote.codec.w3c.W3CHttpResponseCodec.decode(W3CHttpResponseCodec.java:138)
	at org.openqa.selenium.remote.codec.w3c.W3CHttpResponseCodec.decode(W3CHttpResponseCodec.java:50)
	at org.openqa.selenium.remote.HttpCommandExecutor.execute(HttpCommandExecutor.java:215)
	at org.openqa.selenium.remote.service.DriverCommandExecutor.invokeExecute(DriverCommandExecutor.java:216)
	at org.openqa.selenium.remote.service.DriverCommandExecutor.execute(DriverCommandExecutor.java:174)
	at org.openqa.selenium.remote.RemoteWebDriver.execute(RemoteWebDriver.java:545)
	at org.openqa.selenium.remote.ElementLocation$ElementFinder$2.findElement(ElementLocation.java:165)
	at org.openqa.selenium.remote.ElementLocation.findElement(ElementLocation.java:59)
	at org.openqa.selenium.remote.RemoteWebDriver.findElement(RemoteWebDriver.java:368)
	at org.openqa.selenium.remote.RemoteWebDriver.findElement(RemoteWebDriver.java:362)
	at page.ContactsPage.selectContactsByName(ContactsPage.java:45)
	at test.ContactsPageTest.SelectMultipleContectsByNameTest(ContactsPageTest.java:67)
	at java.base/java.util.ArrayList.forEach(ArrayList.java:1511)
... Removed 36 stack frames</div></td></tr></table><p class="totop"><a href="#summary">back to summary</a></p>
<h3 id="m1">test.ContactsPageTest#SelectSingleContectByNameTest</h3><table class="result"><tr><th>Exception</th></tr><tr><td><div class="stacktrace">org.openqa.selenium.NoSuchElementException: Unable to locate element: //a[text()=&apos;test1 test1&apos;]//parent::td//preceding-sibling::td
For documentation on this error, please visit: https://www.selenium.dev/documentation/webdriver/troubleshooting/errors#no-such-element-exception
Build info: version: &apos;4.28.1&apos;, revision: &apos;73f5ad48a2&apos;
System info: os.name: &apos;Windows 10&apos;, os.arch: &apos;amd64&apos;, os.version: &apos;10.0&apos;, java.version: &apos;14.0.2&apos;
Driver info: org.openqa.selenium.firefox.FirefoxDriver
Command: [df6d0b30-5f94-48eb-a186-abefb25686a2, findElement {using=xpath, value=//a[text()=&apos;test1 test1&apos;]//parent::td//preceding-sibling::td}]
Capabilities {acceptInsecureCerts: true, browserName: firefox, browserVersion: 139.0.4, moz:accessibilityChecks: false, moz:buildID: 20250609112858, moz:debuggerAddress: 127.0.0.1:17911, moz:geckodriverVersion: 0.36.0, moz:headless: false, moz:platformVersion: 10.0, moz:processID: 2456, moz:profile: C:\Users\User-Pc\AppData\Lo..., moz:shutdownTimeout: 60000, moz:webdriverClick: true, moz:windowless: false, pageLoadStrategy: normal, platformName: windows, proxy: Proxy(), se:cdp: ws://127.0.0.1:17911/devtoo..., se:cdpVersion: 85.0, setWindowRect: true, strictFileInteractability: false, timeouts: {implicit: 0, pageLoad: 300000, script: 30000}, unhandledPromptBehavior: dismiss and notify, userAgent: Mozilla/5.0 (Windows NT 10....}
Session ID: df6d0b30-5f94-48eb-a186-abefb25686a2
	at org.openqa.selenium.remote.ErrorCodec.decode(ErrorCodec.java:167)
	at org.openqa.selenium.remote.codec.w3c.W3CHttpResponseCodec.decode(W3CHttpResponseCodec.java:138)
	at org.openqa.selenium.remote.codec.w3c.W3CHttpResponseCodec.decode(W3CHttpResponseCodec.java:50)
	at org.openqa.selenium.remote.HttpCommandExecutor.execute(HttpCommandExecutor.java:215)
	at org.openqa.selenium.remote.service.DriverCommandExecutor.invokeExecute(DriverCommandExecutor.java:216)
	at org.openqa.selenium.remote.service.DriverCommandExecutor.execute(DriverCommandExecutor.java:174)
	at org.openqa.selenium.remote.RemoteWebDriver.execute(RemoteWebDriver.java:545)
	at org.openqa.selenium.remote.ElementLocation$ElementFinder$2.findElement(ElementLocation.java:165)
	at org.openqa.selenium.remote.ElementLocation.findElement(ElementLocation.java:59)
	at org.openqa.selenium.remote.RemoteWebDriver.findElement(RemoteWebDriver.java:368)
	at org.openqa.selenium.remote.RemoteWebDriver.findElement(RemoteWebDriver.java:362)
	at page.ContactsPage.selectContactsByName(ContactsPage.java:45)
	at test.ContactsPageTest.SelectSingleContectByNameTest(ContactsPageTest.java:62)
	at java.base/java.util.ArrayList.forEach(ArrayList.java:1511)
... Removed 36 stack frames</div></td></tr></table><p class="totop"><a href="#summary">back to summary</a></p>
<h3 id="m2">test.LoginPageTest#LoginWithEmptyUsernametTest</h3><table class="result"><tr><th>Exception</th></tr><tr><td><div class="stacktrace">java.lang.IllegalArgumentException: Keys to send should be a not null CharSequence
	at org.openqa.selenium.remote.RemoteWebElement.sendKeys(RemoteWebElement.java:96)
	at org.openqa.selenium.support.pagefactory.internal.LocatingElementHandler.invoke(LocatingElementHandler.java:51)
	at com.sun.proxy.$Proxy14.sendKeys(Unknown Source)
	at page.LoginPage.login(LoginPage.java:41)
	at test.LoginPageTest.LoginWithEmptyUsernametTest(LoginPageTest.java:56)
	at java.base/java.util.ArrayList.forEach(ArrayList.java:1511)
... Removed 34 stack frames</div></td></tr></table><p class="totop"><a href="#summary">back to summary</a></p>
<h3 id="m3">test.ContactsPageTest#ValidateCreateNewContactTest</h3><table class="result"><tr class="param"><th>Parameter #1</th><th>Parameter #2</th></tr><tr class="param stripe"><td>peter</td><td>shaw</td></tr></table><p class="totop"><a href="#summary">back to summary</a></p>
<h3 id="m4">test.ContactsPageTest#ValidateCreateNewContactTest</h3><table class="result"><tr class="param"><th>Parameter #1</th><th>Parameter #2</th></tr><tr class="param stripe"><td>tom </td><td>joe</td></tr></table><p class="totop"><a href="#summary">back to summary</a></p>
<h3 id="m5">test.ContactsPageTest#ValidateCreateNewContactTest</h3><table class="result"><tr class="param"><th>Parameter #1</th><th>Parameter #2</th></tr><tr class="param stripe"><td>pruthvi</td><td>radhod</td></tr></table><p class="totop"><a href="#summary">back to summary</a></p>
<h3 id="m6">test.ContactsPageTest#ValidateCreateNewContactTest</h3><table class="result"><tr class="param"><th>Parameter #1</th><th>Parameter #2</th></tr><tr class="param stripe"><td>vishal</td><td>prajapati</td></tr></table><p class="totop"><a href="#summary">back to summary</a></p>
<h3 id="m7">test.ContactsPageTest#VerifyContactsPageLabel</h3><table class="result"><tr><th class="invisible"/></tr></table><p class="totop"><a href="#summary">back to summary</a></p>
<h3 id="m8">test.HomePageTest#ClickOnCalenderLinkTest</h3><table class="result"><tr><th class="invisible"/></tr></table><p class="totop"><a href="#summary">back to summary</a></p>
<h3 id="m9">test.HomePageTest#ClickOnCompaniesLinkTest</h3><table class="result"><tr><th class="invisible"/></tr></table><p class="totop"><a href="#summary">back to summary</a></p>
<h3 id="m10">test.HomePageTest#ClickOnContactsLinkTest</h3><table class="result"><tr><th class="invisible"/></tr></table><p class="totop"><a href="#summary">back to summary</a></p>
<h3 id="m11">test.HomePageTest#ClickOnDealsLinkTest</h3><table class="result"><tr><th class="invisible"/></tr></table><p class="totop"><a href="#summary">back to summary</a></p>
<h3 id="m12">test.HomePageTest#ClickOnTasksLinkTest</h3><table class="result"><tr><th class="invisible"/></tr></table><p class="totop"><a href="#summary">back to summary</a></p>
<h3 id="m13">test.HomePageTest#VerifyUserNameLableTest</h3><table class="result"><tr><th class="invisible"/></tr></table><p class="totop"><a href="#summary">back to summary</a></p>
<h3 id="m14">test.HomePageTest#VerityHomePageTitleTest</h3><table class="result"><tr><th class="invisible"/></tr></table><p class="totop"><a href="#summary">back to summary</a></p>
<h3 id="m15">test.LoginPageTest#LoginPageTitleTest</h3><table class="result"><tr><th class="invisible"/></tr></table><p class="totop"><a href="#summary">back to summary</a></p>
<h3 id="m16">test.LoginPageTest#LoginWithCorrectUsernameAndPasswordtTest</h3><table class="result"><tr><th class="invisible"/></tr></table><p class="totop"><a href="#summary">back to summary</a></p>
<h3 id="m17">test.LoginPageTest#LoginWithEmptyPasswordtTest</h3><table class="result"><tr><th class="invisible"/></tr></table><p class="totop"><a href="#summary">back to summary</a></p>
<h3 id="m18">test.StartHerePageTest#FreeCRMLogoTest</h3><table class="result"><tr><th class="invisible"/></tr></table><p class="totop"><a href="#summary">back to summary</a></p>
<h3 id="m19">test.StartHerePageTest#NumberOfHeaderTest</h3><table class="result"><tr><th class="invisible"/></tr></table><p class="totop"><a href="#summary">back to summary</a></p>
<h3 id="m20">test.StartHerePageTest#SignUpButtonTest</h3><table class="result"><tr><th class="invisible"/></tr></table><p class="totop"><a href="#summary">back to summary</a></p>
<h3 id="m21">test.StartHerePageTest#StartHereButtonTest</h3><table class="result"><tr><th class="invisible"/></tr></table><p class="totop"><a href="#summary">back to summary</a></p>
<h3 id="m22">test.StartHerePageTest#StartHereTest</h3><table class="result"><tr><th class="invisible"/></tr></table><p class="totop"><a href="#summary">back to summary</a></p>
<h3 id="m23">test.StartHerePageTest#startHerePageTitleTest</h3><table class="result"><tr><th class="invisible"/></tr></table><p class="totop"><a href="#summary">back to summary</a></p>
</body>
</html>
